Epoch: 001, aver_loss : 0.13271, R@20: 0.0485, N@20: 0.0397, R@10: 0.0280, N@10: 0.0323, R@50: 0.0940, N@50: 0.0566
Epoch: 002, aver_loss : 0.09708, R@20: 0.0528, N@20: 0.0434, R@10: 0.0308, N@10: 0.0354, R@50: 0.1019, N@50: 0.0615
Epoch: 003, aver_loss : 0.08777, R@20: 0.0544, N@20: 0.0449, R@10: 0.0319, N@10: 0.0368, R@50: 0.1068, N@50: 0.0642
Epoch: 004, aver_loss : 0.08319, R@20: 0.0558, N@20: 0.0461, R@10: 0.0328, N@10: 0.0378, R@50: 0.1093, N@50: 0.0658
Epoch: 005, aver_loss : 0.08006, R@20: 0.0566, N@20: 0.0468, R@10: 0.0333, N@10: 0.0385, R@50: 0.1110, N@50: 0.0670
Epoch: 006, aver_loss : 0.07733, R@20: 0.0576, N@20: 0.0476, R@10: 0.0338, N@10: 0.0390, R@50: 0.1132, N@50: 0.0682
Epoch: 007, aver_loss : 0.07495, R@20: 0.0584, N@20: 0.0483, R@10: 0.0345, N@10: 0.0397, R@50: 0.1146, N@50: 0.0691
Epoch: 008, aver_loss : 0.07230, R@20: 0.0587, N@20: 0.0487, R@10: 0.0345, N@10: 0.0399, R@50: 0.1152, N@50: 0.0696
Epoch: 009, aver_loss : 0.07094, R@20: 0.0592, N@20: 0.0490, R@10: 0.0346, N@10: 0.0401, R@50: 0.1163, N@50: 0.0701
Epoch: 010, aver_loss : 0.06954, R@20: 0.0606, N@20: 0.0501, R@10: 0.0353, N@10: 0.0408, R@50: 0.1189, N@50: 0.0716
Epoch: 011, aver_loss : 0.06821, R@20: 0.0606, N@20: 0.0500, R@10: 0.0354, N@10: 0.0409, R@50: 0.1186, N@50: 0.0716
Epoch: 012, aver_loss : 0.06757, R@20: 0.0615, N@20: 0.0507, R@10: 0.0354, N@10: 0.0413, R@50: 0.1200, N@50: 0.0724
Epoch: 013, aver_loss : 0.06583, R@20: 0.0619, N@20: 0.0512, R@10: 0.0360, N@10: 0.0417, R@50: 0.1212, N@50: 0.0731
Epoch: 014, aver_loss : 0.06461, R@20: 0.0619, N@20: 0.0510, R@10: 0.0358, N@10: 0.0415, R@50: 0.1218, N@50: 0.0732
Epoch: 015, aver_loss : 0.06335, R@20: 0.0630, N@20: 0.0518, R@10: 0.0363, N@10: 0.0419, R@50: 0.1226, N@50: 0.0739
Epoch: 016, aver_loss : 0.06277, R@20: 0.0630, N@20: 0.0519, R@10: 0.0366, N@10: 0.0422, R@50: 0.1231, N@50: 0.0741
Epoch: 017, aver_loss : 0.06152, R@20: 0.0630, N@20: 0.0520, R@10: 0.0366, N@10: 0.0424, R@50: 0.1235, N@50: 0.0744
Epoch: 018, aver_loss : 0.06058, R@20: 0.0639, N@20: 0.0526, R@10: 0.0370, N@10: 0.0427, R@50: 0.1247, N@50: 0.0751
Epoch: 019, aver_loss : 0.05974, R@20: 0.0638, N@20: 0.0527, R@10: 0.0371, N@10: 0.0430, R@50: 0.1255, N@50: 0.0756
Epoch: 020, aver_loss : 0.05931, R@20: 0.0639, N@20: 0.0528, R@10: 0.0373, N@10: 0.0431, R@50: 0.1250, N@50: 0.0754
Epoch: 021, aver_loss : 0.05831, R@20: 0.0643, N@20: 0.0528, R@10: 0.0372, N@10: 0.0429, R@50: 0.1255, N@50: 0.0755
Epoch: 022, aver_loss : 0.05781, R@20: 0.0645, N@20: 0.0533, R@10: 0.0376, N@10: 0.0435, R@50: 0.1262, N@50: 0.0762
Epoch: 023, aver_loss : 0.05636, R@20: 0.0648, N@20: 0.0533, R@10: 0.0375, N@10: 0.0433, R@50: 0.1264, N@50: 0.0761
Epoch: 024, aver_loss : 0.05553, R@20: 0.0647, N@20: 0.0532, R@10: 0.0376, N@10: 0.0433, R@50: 0.1264, N@50: 0.0762
Epoch: 025, aver_loss : 0.05543, R@20: 0.0656, N@20: 0.0539, R@10: 0.0381, N@10: 0.0438, R@50: 0.1271, N@50: 0.0767
Epoch: 026, aver_loss : 0.05490, R@20: 0.0655, N@20: 0.0538, R@10: 0.0384, N@10: 0.0439, R@50: 0.1270, N@50: 0.0766
Epoch: 027, aver_loss : 0.05467, R@20: 0.0652, N@20: 0.0538, R@10: 0.0380, N@10: 0.0439, R@50: 0.1275, N@50: 0.0769
Epoch: 028, aver_loss : 0.05318, R@20: 0.0651, N@20: 0.0539, R@10: 0.0382, N@10: 0.0441, R@50: 0.1280, N@50: 0.0772
Epoch: 029, aver_loss : 0.05335, R@20: 0.0659, N@20: 0.0545, R@10: 0.0388, N@10: 0.0447, R@50: 0.1286, N@50: 0.0777
Epoch: 030, aver_loss : 0.05212, R@20: 0.0656, N@20: 0.0543, R@10: 0.0383, N@10: 0.0443, R@50: 0.1284, N@50: 0.0775
Epoch: 031, aver_loss : 0.05213, R@20: 0.0659, N@20: 0.0546, R@10: 0.0387, N@10: 0.0447, R@50: 0.1289, N@50: 0.0780
Epoch: 032, aver_loss : 0.05144, R@20: 0.0670, N@20: 0.0552, R@10: 0.0392, N@10: 0.0450, R@50: 0.1296, N@50: 0.0785
Epoch: 033, aver_loss : 0.05026, R@20: 0.0656, N@20: 0.0542, R@10: 0.0388, N@10: 0.0444, R@50: 0.1284, N@50: 0.0775
Epoch: 034, aver_loss : 0.05032, R@20: 0.0665, N@20: 0.0550, R@10: 0.0393, N@10: 0.0451, R@50: 0.1292, N@50: 0.0782
Epoch: 035, aver_loss : 0.04942, R@20: 0.0666, N@20: 0.0549, R@10: 0.0390, N@10: 0.0448, R@50: 0.1290, N@50: 0.0780
Epoch: 036, aver_loss : 0.04923, R@20: 0.0666, N@20: 0.0549, R@10: 0.0389, N@10: 0.0448, R@50: 0.1292, N@50: 0.0781
Epoch: 037, aver_loss : 0.04864, R@20: 0.0672, N@20: 0.0554, R@10: 0.0393, N@10: 0.0451, R@50: 0.1297, N@50: 0.0785
Epoch: 038, aver_loss : 0.04812, R@20: 0.0673, N@20: 0.0554, R@10: 0.0394, N@10: 0.0454, R@50: 0.1300, N@50: 0.0787
Epoch: 039, aver_loss : 0.04767, R@20: 0.0672, N@20: 0.0553, R@10: 0.0395, N@10: 0.0452, R@50: 0.1301, N@50: 0.0787
Epoch: 040, aver_loss : 0.04655, R@20: 0.0670, N@20: 0.0554, R@10: 0.0395, N@10: 0.0454, R@50: 0.1300, N@50: 0.0787
Epoch: 041, aver_loss : 0.04640, R@20: 0.0675, N@20: 0.0560, R@10: 0.0396, N@10: 0.0458, R@50: 0.1304, N@50: 0.0792
Epoch: 042, aver_loss : 0.04659, R@20: 0.0675, N@20: 0.0557, R@10: 0.0396, N@10: 0.0457, R@50: 0.1298, N@50: 0.0788
Epoch: 043, aver_loss : 0.04561, R@20: 0.0680, N@20: 0.0561, R@10: 0.0399, N@10: 0.0459, R@50: 0.1310, N@50: 0.0794
Epoch: 044, aver_loss : 0.04538, R@20: 0.0679, N@20: 0.0561, R@10: 0.0399, N@10: 0.0461, R@50: 0.1307, N@50: 0.0794
Epoch: 045, aver_loss : 0.04458, R@20: 0.0676, N@20: 0.0560, R@10: 0.0398, N@10: 0.0459, R@50: 0.1303, N@50: 0.0792
Epoch: 046, aver_loss : 0.04461, R@20: 0.0681, N@20: 0.0562, R@10: 0.0400, N@10: 0.0460, R@50: 0.1304, N@50: 0.0792
Epoch: 047, aver_loss : 0.04426, R@20: 0.0682, N@20: 0.0564, R@10: 0.0400, N@10: 0.0461, R@50: 0.1313, N@50: 0.0797
Epoch: 048, aver_loss : 0.04331, R@20: 0.0679, N@20: 0.0561, R@10: 0.0399, N@10: 0.0460, R@50: 0.1307, N@50: 0.0793
Epoch: 049, aver_loss : 0.04278, R@20: 0.0683, N@20: 0.0565, R@10: 0.0400, N@10: 0.0462, R@50: 0.1311, N@50: 0.0797
Epoch: 050, aver_loss : 0.04232, R@20: 0.0682, N@20: 0.0563, R@10: 0.0397, N@10: 0.0459, R@50: 0.1313, N@50: 0.0797
Epoch: 051, aver_loss : 0.04275, R@20: 0.0682, N@20: 0.0564, R@10: 0.0398, N@10: 0.0461, R@50: 0.1313, N@50: 0.0797
Epoch: 052, aver_loss : 0.04235, R@20: 0.0682, N@20: 0.0563, R@10: 0.0396, N@10: 0.0459, R@50: 0.1317, N@50: 0.0798
Epoch: 053, aver_loss : 0.04140, R@20: 0.0680, N@20: 0.0561, R@10: 0.0396, N@10: 0.0456, R@50: 0.1308, N@50: 0.0793
Epoch: 054, aver_loss : 0.04109, R@20: 0.0680, N@20: 0.0563, R@10: 0.0397, N@10: 0.0461, R@50: 0.1309, N@50: 0.0795
Epoch: 055, aver_loss : 0.04120, R@20: 0.0684, N@20: 0.0566, R@10: 0.0401, N@10: 0.0464, R@50: 0.1310, N@50: 0.0798
Epoch: 056, aver_loss : 0.04037, R@20: 0.0682, N@20: 0.0565, R@10: 0.0399, N@10: 0.0462, R@50: 0.1309, N@50: 0.0797
Epoch: 057, aver_loss : 0.03977, R@20: 0.0688, N@20: 0.0569, R@10: 0.0402, N@10: 0.0465, R@50: 0.1321, N@50: 0.0803
Epoch: 058, aver_loss : 0.03982, R@20: 0.0680, N@20: 0.0561, R@10: 0.0397, N@10: 0.0459, R@50: 0.1309, N@50: 0.0794
Epoch: 059, aver_loss : 0.03903, R@20: 0.0681, N@20: 0.0562, R@10: 0.0397, N@10: 0.0458, R@50: 0.1308, N@50: 0.0793
Epoch: 060, aver_loss : 0.03859, R@20: 0.0683, N@20: 0.0563, R@10: 0.0400, N@10: 0.0460, R@50: 0.1304, N@50: 0.0793
Epoch: 061, aver_loss : 0.03858, R@20: 0.0691, N@20: 0.0569, R@10: 0.0401, N@10: 0.0463, R@50: 0.1312, N@50: 0.0799
Epoch: 062, aver_loss : 0.03766, R@20: 0.0685, N@20: 0.0567, R@10: 0.0404, N@10: 0.0466, R@50: 0.1312, N@50: 0.0799
Epoch: 063, aver_loss : 0.03808, R@20: 0.0691, N@20: 0.0569, R@10: 0.0403, N@10: 0.0465, R@50: 0.1316, N@50: 0.0800
Epoch: 064, aver_loss : 0.03759, R@20: 0.0687, N@20: 0.0566, R@10: 0.0402, N@10: 0.0463, R@50: 0.1312, N@50: 0.0797
Epoch: 065, aver_loss : 0.03704, R@20: 0.0689, N@20: 0.0569, R@10: 0.0404, N@10: 0.0466, R@50: 0.1315, N@50: 0.0800
Epoch: 066, aver_loss : 0.03677, R@20: 0.0688, N@20: 0.0568, R@10: 0.0403, N@10: 0.0465, R@50: 0.1322, N@50: 0.0803
Epoch: 067, aver_loss : 0.03662, R@20: 0.0690, N@20: 0.0569, R@10: 0.0399, N@10: 0.0463, R@50: 0.1314, N@50: 0.0800
Epoch: 068, aver_loss : 0.03657, R@20: 0.0683, N@20: 0.0562, R@10: 0.0399, N@10: 0.0459, R@50: 0.1307, N@50: 0.0793
Epoch: 069, aver_loss : 0.03609, R@20: 0.0683, N@20: 0.0564, R@10: 0.0401, N@10: 0.0463, R@50: 0.1310, N@50: 0.0796
Epoch: 070, aver_loss : 0.03566, R@20: 0.0683, N@20: 0.0566, R@10: 0.0406, N@10: 0.0467, R@50: 0.1311, N@50: 0.0799
Epoch: 071, aver_loss : 0.03547, R@20: 0.0685, N@20: 0.0565, R@10: 0.0404, N@10: 0.0463, R@50: 0.1310, N@50: 0.0797
Epoch: 072, aver_loss : 0.03464, R@20: 0.0678, N@20: 0.0561, R@10: 0.0397, N@10: 0.0460, R@50: 0.1299, N@50: 0.0791
Epoch: 073, aver_loss : 0.03458, R@20: 0.0686, N@20: 0.0566, R@10: 0.0403, N@10: 0.0463, R@50: 0.1307, N@50: 0.0796
Epoch: 074, aver_loss : 0.03430, R@20: 0.0677, N@20: 0.0559, R@10: 0.0398, N@10: 0.0458, R@50: 0.1300, N@50: 0.0790
Epoch: 075, aver_loss : 0.03433, R@20: 0.0680, N@20: 0.0560, R@10: 0.0401, N@10: 0.0460, R@50: 0.1298, N@50: 0.0789
Epoch: 076, aver_loss : 0.03382, R@20: 0.0682, N@20: 0.0563, R@10: 0.0399, N@10: 0.0460, R@50: 0.1306, N@50: 0.0794
Epoch: 077, aver_loss : 0.03355, R@20: 0.0683, N@20: 0.0565, R@10: 0.0403, N@10: 0.0464, R@50: 0.1302, N@50: 0.0793
Epoch: 078, aver_loss : 0.03284, R@20: 0.0676, N@20: 0.0557, R@10: 0.0397, N@10: 0.0457, R@50: 0.1290, N@50: 0.0785
Epoch: 079, aver_loss : 0.03285, R@20: 0.0676, N@20: 0.0560, R@10: 0.0398, N@10: 0.0460, R@50: 0.1293, N@50: 0.0788
Epoch: 080, aver_loss : 0.03259, R@20: 0.0680, N@20: 0.0562, R@10: 0.0397, N@10: 0.0459, R@50: 0.1294, N@50: 0.0789
Epoch: 081, aver_loss : 0.03224, R@20: 0.0679, N@20: 0.0559, R@10: 0.0396, N@10: 0.0457, R@50: 0.1287, N@50: 0.0784
Epoch: 082, aver_loss : 0.03235, R@20: 0.0679, N@20: 0.0563, R@10: 0.0399, N@10: 0.0462, R@50: 0.1293, N@50: 0.0789
Epoch: 083, aver_loss : 0.03196, R@20: 0.0683, N@20: 0.0564, R@10: 0.0401, N@10: 0.0463, R@50: 0.1293, N@50: 0.0790
Epoch: 084, aver_loss : 0.03169, R@20: 0.0683, N@20: 0.0564, R@10: 0.0401, N@10: 0.0463, R@50: 0.1291, N@50: 0.0789
Epoch: 085, aver_loss : 0.03169, R@20: 0.0676, N@20: 0.0558, R@10: 0.0399, N@10: 0.0458, R@50: 0.1288, N@50: 0.0784
Epoch: 086, aver_loss : 0.03133, R@20: 0.0676, N@20: 0.0558, R@10: 0.0400, N@10: 0.0459, R@50: 0.1283, N@50: 0.0783
Epoch: 087, aver_loss : 0.03127, R@20: 0.0676, N@20: 0.0559, R@10: 0.0399, N@10: 0.0460, R@50: 0.1284, N@50: 0.0784
Epoch: 088, aver_loss : 0.03046, R@20: 0.0675, N@20: 0.0558, R@10: 0.0396, N@10: 0.0457, R@50: 0.1278, N@50: 0.0780
Epoch: 089, aver_loss : 0.03042, R@20: 0.0672, N@20: 0.0557, R@10: 0.0396, N@10: 0.0458, R@50: 0.1280, N@50: 0.0782
Epoch: 090, aver_loss : 0.02989, R@20: 0.0675, N@20: 0.0557, R@10: 0.0397, N@10: 0.0457, R@50: 0.1280, N@50: 0.0781
Epoch: 091, aver_loss : 0.02971, R@20: 0.0669, N@20: 0.0553, R@10: 0.0392, N@10: 0.0453, R@50: 0.1268, N@50: 0.0775


========== BEST RESULT ==========
Best Epoch: 61
Recall@20: 0.0691, NDCG@20: 0.0569
Config:
{
  "init": "normal",
  "init_weight": 0.01,
  "dim": 64,
  "decay": 0.0001,
  "K": 3,
  "beta": 0.8,
  "lambda": 0.6,
  "lr": 0.0005,
  "lam_hat": 0.9,
  "prop_step": 10,
  "gamma": 6.0,
  "quasi_newton": true,
  "eta": null
}
