Epoch: 001, aver_loss : 0.48494, R@20: 0.0646, N@20: 0.0438, R@10: 0.0371, N@10: 0.0314, R@50: 0.1311, N@50: 0.0672
Epoch: 002, aver_loss : 0.16042, R@20: 0.0753, N@20: 0.0528, R@10: 0.0437, N@10: 0.0387, R@50: 0.1486, N@50: 0.0786
Epoch: 003, aver_loss : 0.13660, R@20: 0.0844, N@20: 0.0592, R@10: 0.0491, N@10: 0.0434, R@50: 0.1626, N@50: 0.0867
Epoch: 004, aver_loss : 0.12781, R@20: 0.0894, N@20: 0.0632, R@10: 0.0528, N@10: 0.0468, R@50: 0.1718, N@50: 0.0922
Epoch: 005, aver_loss : 0.12248, R@20: 0.0922, N@20: 0.0654, R@10: 0.0544, N@10: 0.0485, R@50: 0.1774, N@50: 0.0954
Epoch: 006, aver_loss : 0.11858, R@20: 0.0949, N@20: 0.0674, R@10: 0.0561, N@10: 0.0501, R@50: 0.1820, N@50: 0.0980
Epoch: 007, aver_loss : 0.11393, R@20: 0.0975, N@20: 0.0695, R@10: 0.0581, N@10: 0.0519, R@50: 0.1864, N@50: 0.1008
Epoch: 008, aver_loss : 0.11011, R@20: 0.1002, N@20: 0.0716, R@10: 0.0597, N@10: 0.0536, R@50: 0.1907, N@50: 0.1035
Epoch: 009, aver_loss : 0.10605, R@20: 0.1027, N@20: 0.0737, R@10: 0.0614, N@10: 0.0552, R@50: 0.1948, N@50: 0.1061
Epoch: 010, aver_loss : 0.10243, R@20: 0.1050, N@20: 0.0754, R@10: 0.0628, N@10: 0.0566, R@50: 0.1983, N@50: 0.1083
Epoch: 011, aver_loss : 0.10080, R@20: 0.1076, N@20: 0.0772, R@10: 0.0644, N@10: 0.0579, R@50: 0.2033, N@50: 0.1109
Epoch: 012, aver_loss : 0.09836, R@20: 0.1095, N@20: 0.0786, R@10: 0.0655, N@10: 0.0589, R@50: 0.2068, N@50: 0.1129
Epoch: 013, aver_loss : 0.09569, R@20: 0.1112, N@20: 0.0798, R@10: 0.0667, N@10: 0.0600, R@50: 0.2102, N@50: 0.1147
Epoch: 014, aver_loss : 0.09489, R@20: 0.1125, N@20: 0.0807, R@10: 0.0674, N@10: 0.0606, R@50: 0.2133, N@50: 0.1162
Epoch: 015, aver_loss : 0.09246, R@20: 0.1136, N@20: 0.0815, R@10: 0.0682, N@10: 0.0613, R@50: 0.2152, N@50: 0.1173
Epoch: 016, aver_loss : 0.09171, R@20: 0.1144, N@20: 0.0822, R@10: 0.0689, N@10: 0.0619, R@50: 0.2170, N@50: 0.1183
Epoch: 017, aver_loss : 0.09082, R@20: 0.1155, N@20: 0.0829, R@10: 0.0694, N@10: 0.0624, R@50: 0.2181, N@50: 0.1191
Epoch: 018, aver_loss : 0.08977, R@20: 0.1164, N@20: 0.0836, R@10: 0.0700, N@10: 0.0629, R@50: 0.2200, N@50: 0.1201
Epoch: 019, aver_loss : 0.09009, R@20: 0.1172, N@20: 0.0841, R@10: 0.0704, N@10: 0.0633, R@50: 0.2208, N@50: 0.1206
Epoch: 020, aver_loss : 0.08740, R@20: 0.1178, N@20: 0.0845, R@10: 0.0709, N@10: 0.0637, R@50: 0.2217, N@50: 0.1212
Epoch: 021, aver_loss : 0.08748, R@20: 0.1184, N@20: 0.0850, R@10: 0.0713, N@10: 0.0640, R@50: 0.2227, N@50: 0.1217
Epoch: 022, aver_loss : 0.08720, R@20: 0.1191, N@20: 0.0855, R@10: 0.0717, N@10: 0.0644, R@50: 0.2240, N@50: 0.1224
Epoch: 023, aver_loss : 0.08553, R@20: 0.1199, N@20: 0.0860, R@10: 0.0721, N@10: 0.0647, R@50: 0.2249, N@50: 0.1230
Epoch: 024, aver_loss : 0.08567, R@20: 0.1204, N@20: 0.0864, R@10: 0.0724, N@10: 0.0650, R@50: 0.2258, N@50: 0.1235
Epoch: 025, aver_loss : 0.08436, R@20: 0.1207, N@20: 0.0866, R@10: 0.0724, N@10: 0.0651, R@50: 0.2266, N@50: 0.1239
Epoch: 026, aver_loss : 0.08443, R@20: 0.1211, N@20: 0.0869, R@10: 0.0727, N@10: 0.0653, R@50: 0.2271, N@50: 0.1242
Epoch: 027, aver_loss : 0.08463, R@20: 0.1216, N@20: 0.0873, R@10: 0.0729, N@10: 0.0656, R@50: 0.2280, N@50: 0.1248
Epoch: 028, aver_loss : 0.08341, R@20: 0.1218, N@20: 0.0875, R@10: 0.0731, N@10: 0.0658, R@50: 0.2287, N@50: 0.1251
Epoch: 029, aver_loss : 0.08389, R@20: 0.1225, N@20: 0.0880, R@10: 0.0734, N@10: 0.0661, R@50: 0.2295, N@50: 0.1256
Epoch: 030, aver_loss : 0.08260, R@20: 0.1227, N@20: 0.0882, R@10: 0.0737, N@10: 0.0663, R@50: 0.2300, N@50: 0.1260
Epoch: 031, aver_loss : 0.08234, R@20: 0.1231, N@20: 0.0885, R@10: 0.0741, N@10: 0.0667, R@50: 0.2304, N@50: 0.1263
Epoch: 032, aver_loss : 0.08193, R@20: 0.1234, N@20: 0.0887, R@10: 0.0740, N@10: 0.0667, R@50: 0.2307, N@50: 0.1265
Epoch: 033, aver_loss : 0.08094, R@20: 0.1237, N@20: 0.0890, R@10: 0.0744, N@10: 0.0670, R@50: 0.2315, N@50: 0.1269
Epoch: 034, aver_loss : 0.08053, R@20: 0.1241, N@20: 0.0893, R@10: 0.0746, N@10: 0.0672, R@50: 0.2321, N@50: 0.1273
Epoch: 035, aver_loss : 0.08050, R@20: 0.1246, N@20: 0.0895, R@10: 0.0749, N@10: 0.0674, R@50: 0.2325, N@50: 0.1275
Epoch: 036, aver_loss : 0.08018, R@20: 0.1248, N@20: 0.0897, R@10: 0.0750, N@10: 0.0675, R@50: 0.2333, N@50: 0.1279
Epoch: 037, aver_loss : 0.07952, R@20: 0.1252, N@20: 0.0899, R@10: 0.0751, N@10: 0.0676, R@50: 0.2336, N@50: 0.1281
Epoch: 038, aver_loss : 0.07837, R@20: 0.1254, N@20: 0.0902, R@10: 0.0753, N@10: 0.0678, R@50: 0.2340, N@50: 0.1284
Epoch: 039, aver_loss : 0.07850, R@20: 0.1258, N@20: 0.0904, R@10: 0.0754, N@10: 0.0680, R@50: 0.2345, N@50: 0.1287
Epoch: 040, aver_loss : 0.07894, R@20: 0.1260, N@20: 0.0906, R@10: 0.0755, N@10: 0.0681, R@50: 0.2348, N@50: 0.1289
Epoch: 041, aver_loss : 0.07840, R@20: 0.1264, N@20: 0.0909, R@10: 0.0759, N@10: 0.0684, R@50: 0.2356, N@50: 0.1293
Epoch: 042, aver_loss : 0.07786, R@20: 0.1267, N@20: 0.0910, R@10: 0.0760, N@10: 0.0684, R@50: 0.2361, N@50: 0.1296
Epoch: 043, aver_loss : 0.07827, R@20: 0.1271, N@20: 0.0913, R@10: 0.0762, N@10: 0.0687, R@50: 0.2367, N@50: 0.1299
Epoch: 044, aver_loss : 0.07679, R@20: 0.1273, N@20: 0.0915, R@10: 0.0765, N@10: 0.0689, R@50: 0.2372, N@50: 0.1302
Epoch: 045, aver_loss : 0.07645, R@20: 0.1275, N@20: 0.0917, R@10: 0.0766, N@10: 0.0690, R@50: 0.2378, N@50: 0.1305
Epoch: 046, aver_loss : 0.07717, R@20: 0.1276, N@20: 0.0917, R@10: 0.0766, N@10: 0.0690, R@50: 0.2381, N@50: 0.1306
Epoch: 047, aver_loss : 0.07626, R@20: 0.1281, N@20: 0.0920, R@10: 0.0768, N@10: 0.0692, R@50: 0.2386, N@50: 0.1309
Epoch: 048, aver_loss : 0.07629, R@20: 0.1283, N@20: 0.0922, R@10: 0.0770, N@10: 0.0693, R@50: 0.2393, N@50: 0.1313
Epoch: 049, aver_loss : 0.07564, R@20: 0.1285, N@20: 0.0924, R@10: 0.0774, N@10: 0.0696, R@50: 0.2397, N@50: 0.1316
Epoch: 050, aver_loss : 0.07601, R@20: 0.1288, N@20: 0.0926, R@10: 0.0776, N@10: 0.0698, R@50: 0.2403, N@50: 0.1318
Epoch: 051, aver_loss : 0.07536, R@20: 0.1291, N@20: 0.0928, R@10: 0.0780, N@10: 0.0701, R@50: 0.2409, N@50: 0.1322
Epoch: 052, aver_loss : 0.07411, R@20: 0.1292, N@20: 0.0929, R@10: 0.0780, N@10: 0.0701, R@50: 0.2410, N@50: 0.1323
Epoch: 053, aver_loss : 0.07458, R@20: 0.1296, N@20: 0.0932, R@10: 0.0782, N@10: 0.0703, R@50: 0.2415, N@50: 0.1326
Epoch: 054, aver_loss : 0.07392, R@20: 0.1298, N@20: 0.0934, R@10: 0.0784, N@10: 0.0705, R@50: 0.2421, N@50: 0.1330
Epoch: 055, aver_loss : 0.07349, R@20: 0.1302, N@20: 0.0936, R@10: 0.0785, N@10: 0.0706, R@50: 0.2426, N@50: 0.1332
Epoch: 056, aver_loss : 0.07433, R@20: 0.1304, N@20: 0.0938, R@10: 0.0789, N@10: 0.0708, R@50: 0.2431, N@50: 0.1335
Epoch: 057, aver_loss : 0.07374, R@20: 0.1306, N@20: 0.0940, R@10: 0.0792, N@10: 0.0711, R@50: 0.2435, N@50: 0.1338
Epoch: 058, aver_loss : 0.07276, R@20: 0.1310, N@20: 0.0942, R@10: 0.0792, N@10: 0.0711, R@50: 0.2440, N@50: 0.1340
Epoch: 059, aver_loss : 0.07255, R@20: 0.1311, N@20: 0.0943, R@10: 0.0794, N@10: 0.0713, R@50: 0.2442, N@50: 0.1342
Epoch: 060, aver_loss : 0.07297, R@20: 0.1314, N@20: 0.0945, R@10: 0.0797, N@10: 0.0715, R@50: 0.2447, N@50: 0.1345
Epoch: 061, aver_loss : 0.07239, R@20: 0.1319, N@20: 0.0949, R@10: 0.0800, N@10: 0.0717, R@50: 0.2453, N@50: 0.1348
Epoch: 062, aver_loss : 0.07174, R@20: 0.1322, N@20: 0.0951, R@10: 0.0799, N@10: 0.0719, R@50: 0.2458, N@50: 0.1352
Epoch: 063, aver_loss : 0.07160, R@20: 0.1327, N@20: 0.0955, R@10: 0.0802, N@10: 0.0721, R@50: 0.2463, N@50: 0.1355
Epoch: 064, aver_loss : 0.07148, R@20: 0.1329, N@20: 0.0956, R@10: 0.0806, N@10: 0.0723, R@50: 0.2468, N@50: 0.1358
Epoch: 065, aver_loss : 0.07086, R@20: 0.1332, N@20: 0.0959, R@10: 0.0806, N@10: 0.0724, R@50: 0.2470, N@50: 0.1360
Epoch: 066, aver_loss : 0.07030, R@20: 0.1335, N@20: 0.0960, R@10: 0.0806, N@10: 0.0725, R@50: 0.2476, N@50: 0.1362
Epoch: 067, aver_loss : 0.07030, R@20: 0.1337, N@20: 0.0962, R@10: 0.0809, N@10: 0.0727, R@50: 0.2481, N@50: 0.1365
Epoch: 068, aver_loss : 0.07004, R@20: 0.1341, N@20: 0.0964, R@10: 0.0811, N@10: 0.0728, R@50: 0.2484, N@50: 0.1367
Epoch: 069, aver_loss : 0.07027, R@20: 0.1344, N@20: 0.0968, R@10: 0.0814, N@10: 0.0731, R@50: 0.2490, N@50: 0.1371
Epoch: 070, aver_loss : 0.06999, R@20: 0.1348, N@20: 0.0969, R@10: 0.0815, N@10: 0.0732, R@50: 0.2489, N@50: 0.1371
Epoch: 071, aver_loss : 0.06968, R@20: 0.1351, N@20: 0.0972, R@10: 0.0818, N@10: 0.0734, R@50: 0.2499, N@50: 0.1376
Epoch: 072, aver_loss : 0.06909, R@20: 0.1352, N@20: 0.0973, R@10: 0.0818, N@10: 0.0735, R@50: 0.2502, N@50: 0.1378
Epoch: 073, aver_loss : 0.06887, R@20: 0.1356, N@20: 0.0975, R@10: 0.0819, N@10: 0.0736, R@50: 0.2503, N@50: 0.1380
Epoch: 074, aver_loss : 0.06777, R@20: 0.1359, N@20: 0.0977, R@10: 0.0820, N@10: 0.0737, R@50: 0.2504, N@50: 0.1380
Epoch: 075, aver_loss : 0.06823, R@20: 0.1360, N@20: 0.0979, R@10: 0.0823, N@10: 0.0739, R@50: 0.2513, N@50: 0.1385
Epoch: 076, aver_loss : 0.06802, R@20: 0.1362, N@20: 0.0981, R@10: 0.0825, N@10: 0.0741, R@50: 0.2518, N@50: 0.1388
Epoch: 077, aver_loss : 0.06742, R@20: 0.1365, N@20: 0.0982, R@10: 0.0827, N@10: 0.0742, R@50: 0.2521, N@50: 0.1390
Epoch: 078, aver_loss : 0.06743, R@20: 0.1369, N@20: 0.0984, R@10: 0.0827, N@10: 0.0743, R@50: 0.2526, N@50: 0.1392
Epoch: 079, aver_loss : 0.06696, R@20: 0.1369, N@20: 0.0986, R@10: 0.0829, N@10: 0.0745, R@50: 0.2530, N@50: 0.1395
Epoch: 080, aver_loss : 0.06682, R@20: 0.1374, N@20: 0.0988, R@10: 0.0831, N@10: 0.0746, R@50: 0.2533, N@50: 0.1397
Epoch: 081, aver_loss : 0.06659, R@20: 0.1377, N@20: 0.0990, R@10: 0.0832, N@10: 0.0747, R@50: 0.2536, N@50: 0.1398
Epoch: 082, aver_loss : 0.06586, R@20: 0.1379, N@20: 0.0992, R@10: 0.0834, N@10: 0.0749, R@50: 0.2543, N@50: 0.1402
Epoch: 083, aver_loss : 0.06561, R@20: 0.1382, N@20: 0.0994, R@10: 0.0837, N@10: 0.0751, R@50: 0.2544, N@50: 0.1403
Epoch: 084, aver_loss : 0.06586, R@20: 0.1386, N@20: 0.0996, R@10: 0.0838, N@10: 0.0752, R@50: 0.2550, N@50: 0.1406
Epoch: 085, aver_loss : 0.06606, R@20: 0.1387, N@20: 0.0998, R@10: 0.0840, N@10: 0.0754, R@50: 0.2551, N@50: 0.1408
Epoch: 086, aver_loss : 0.06558, R@20: 0.1389, N@20: 0.0999, R@10: 0.0840, N@10: 0.0755, R@50: 0.2551, N@50: 0.1409
Epoch: 087, aver_loss : 0.06533, R@20: 0.1389, N@20: 0.0999, R@10: 0.0841, N@10: 0.0755, R@50: 0.2555, N@50: 0.1410
Epoch: 088, aver_loss : 0.06481, R@20: 0.1393, N@20: 0.1001, R@10: 0.0844, N@10: 0.0757, R@50: 0.2557, N@50: 0.1412
Epoch: 089, aver_loss : 0.06470, R@20: 0.1394, N@20: 0.1003, R@10: 0.0846, N@10: 0.0758, R@50: 0.2561, N@50: 0.1414
Epoch: 090, aver_loss : 0.06480, R@20: 0.1400, N@20: 0.1007, R@10: 0.0847, N@10: 0.0761, R@50: 0.2564, N@50: 0.1417
Epoch: 091, aver_loss : 0.06434, R@20: 0.1399, N@20: 0.1007, R@10: 0.0847, N@10: 0.0761, R@50: 0.2564, N@50: 0.1417
Epoch: 092, aver_loss : 0.06429, R@20: 0.1403, N@20: 0.1009, R@10: 0.0851, N@10: 0.0763, R@50: 0.2569, N@50: 0.1420
Epoch: 093, aver_loss : 0.06396, R@20: 0.1405, N@20: 0.1011, R@10: 0.0852, N@10: 0.0764, R@50: 0.2571, N@50: 0.1422
Epoch: 094, aver_loss : 0.06342, R@20: 0.1407, N@20: 0.1013, R@10: 0.0854, N@10: 0.0767, R@50: 0.2575, N@50: 0.1425
Epoch: 095, aver_loss : 0.06317, R@20: 0.1409, N@20: 0.1015, R@10: 0.0855, N@10: 0.0769, R@50: 0.2578, N@50: 0.1427
Epoch: 096, aver_loss : 0.06314, R@20: 0.1411, N@20: 0.1016, R@10: 0.0857, N@10: 0.0770, R@50: 0.2578, N@50: 0.1428
Epoch: 097, aver_loss : 0.06295, R@20: 0.1412, N@20: 0.1017, R@10: 0.0859, N@10: 0.0771, R@50: 0.2582, N@50: 0.1430
Epoch: 098, aver_loss : 0.06216, R@20: 0.1416, N@20: 0.1020, R@10: 0.0858, N@10: 0.0772, R@50: 0.2588, N@50: 0.1433
Epoch: 099, aver_loss : 0.06326, R@20: 0.1417, N@20: 0.1022, R@10: 0.0860, N@10: 0.0774, R@50: 0.2589, N@50: 0.1435
Epoch: 100, aver_loss : 0.06228, R@20: 0.1420, N@20: 0.1023, R@10: 0.0862, N@10: 0.0775, R@50: 0.2592, N@50: 0.1436
Epoch: 101, aver_loss : 0.06146, R@20: 0.1418, N@20: 0.1023, R@10: 0.0862, N@10: 0.0775, R@50: 0.2590, N@50: 0.1435
Epoch: 102, aver_loss : 0.06173, R@20: 0.1424, N@20: 0.1027, R@10: 0.0865, N@10: 0.0778, R@50: 0.2597, N@50: 0.1440
Epoch: 103, aver_loss : 0.06125, R@20: 0.1425, N@20: 0.1028, R@10: 0.0867, N@10: 0.0780, R@50: 0.2598, N@50: 0.1442
Epoch: 104, aver_loss : 0.06162, R@20: 0.1429, N@20: 0.1031, R@10: 0.0868, N@10: 0.0781, R@50: 0.2601, N@50: 0.1444
Epoch: 105, aver_loss : 0.06103, R@20: 0.1433, N@20: 0.1033, R@10: 0.0867, N@10: 0.0781, R@50: 0.2600, N@50: 0.1444
Epoch: 106, aver_loss : 0.06051, R@20: 0.1432, N@20: 0.1033, R@10: 0.0868, N@10: 0.0782, R@50: 0.2605, N@50: 0.1447
Epoch: 107, aver_loss : 0.06017, R@20: 0.1433, N@20: 0.1034, R@10: 0.0868, N@10: 0.0783, R@50: 0.2606, N@50: 0.1447
Epoch: 108, aver_loss : 0.06007, R@20: 0.1437, N@20: 0.1037, R@10: 0.0869, N@10: 0.0784, R@50: 0.2610, N@50: 0.1451
Epoch: 109, aver_loss : 0.06006, R@20: 0.1435, N@20: 0.1037, R@10: 0.0870, N@10: 0.0785, R@50: 0.2610, N@50: 0.1451
Epoch: 110, aver_loss : 0.05971, R@20: 0.1436, N@20: 0.1037, R@10: 0.0871, N@10: 0.0786, R@50: 0.2614, N@50: 0.1452
Epoch: 111, aver_loss : 0.05921, R@20: 0.1440, N@20: 0.1041, R@10: 0.0875, N@10: 0.0789, R@50: 0.2619, N@50: 0.1456
Epoch: 112, aver_loss : 0.05960, R@20: 0.1439, N@20: 0.1040, R@10: 0.0876, N@10: 0.0789, R@50: 0.2620, N@50: 0.1457
Epoch: 113, aver_loss : 0.05850, R@20: 0.1440, N@20: 0.1042, R@10: 0.0874, N@10: 0.0790, R@50: 0.2624, N@50: 0.1459
Epoch: 114, aver_loss : 0.05945, R@20: 0.1446, N@20: 0.1045, R@10: 0.0878, N@10: 0.0792, R@50: 0.2625, N@50: 0.1460
Epoch: 115, aver_loss : 0.05870, R@20: 0.1447, N@20: 0.1045, R@10: 0.0879, N@10: 0.0792, R@50: 0.2628, N@50: 0.1461
Epoch: 116, aver_loss : 0.05856, R@20: 0.1447, N@20: 0.1047, R@10: 0.0882, N@10: 0.0795, R@50: 0.2632, N@50: 0.1464
Epoch: 117, aver_loss : 0.05805, R@20: 0.1448, N@20: 0.1048, R@10: 0.0882, N@10: 0.0796, R@50: 0.2634, N@50: 0.1466
Epoch: 118, aver_loss : 0.05772, R@20: 0.1449, N@20: 0.1048, R@10: 0.0881, N@10: 0.0796, R@50: 0.2633, N@50: 0.1466
Epoch: 119, aver_loss : 0.05767, R@20: 0.1453, N@20: 0.1050, R@10: 0.0882, N@10: 0.0796, R@50: 0.2639, N@50: 0.1468
Epoch: 120, aver_loss : 0.05714, R@20: 0.1452, N@20: 0.1050, R@10: 0.0886, N@10: 0.0798, R@50: 0.2640, N@50: 0.1469
Epoch: 121, aver_loss : 0.05695, R@20: 0.1453, N@20: 0.1051, R@10: 0.0886, N@10: 0.0799, R@50: 0.2642, N@50: 0.1470
Epoch: 122, aver_loss : 0.05697, R@20: 0.1455, N@20: 0.1052, R@10: 0.0887, N@10: 0.0799, R@50: 0.2642, N@50: 0.1471
Epoch: 123, aver_loss : 0.05643, R@20: 0.1457, N@20: 0.1054, R@10: 0.0887, N@10: 0.0800, R@50: 0.2649, N@50: 0.1474
Epoch: 124, aver_loss : 0.05679, R@20: 0.1458, N@20: 0.1055, R@10: 0.0887, N@10: 0.0800, R@50: 0.2649, N@50: 0.1474
Epoch: 125, aver_loss : 0.05655, R@20: 0.1458, N@20: 0.1055, R@10: 0.0891, N@10: 0.0803, R@50: 0.2651, N@50: 0.1476
Epoch: 126, aver_loss : 0.05632, R@20: 0.1461, N@20: 0.1057, R@10: 0.0889, N@10: 0.0802, R@50: 0.2652, N@50: 0.1477
Epoch: 127, aver_loss : 0.05615, R@20: 0.1462, N@20: 0.1059, R@10: 0.0891, N@10: 0.0804, R@50: 0.2656, N@50: 0.1480
Epoch: 128, aver_loss : 0.05598, R@20: 0.1464, N@20: 0.1060, R@10: 0.0893, N@10: 0.0806, R@50: 0.2659, N@50: 0.1481
Epoch: 129, aver_loss : 0.05524, R@20: 0.1465, N@20: 0.1061, R@10: 0.0895, N@10: 0.0807, R@50: 0.2658, N@50: 0.1481
Epoch: 130, aver_loss : 0.05520, R@20: 0.1469, N@20: 0.1063, R@10: 0.0894, N@10: 0.0807, R@50: 0.2664, N@50: 0.1484
Epoch: 131, aver_loss : 0.05523, R@20: 0.1467, N@20: 0.1062, R@10: 0.0895, N@10: 0.0807, R@50: 0.2664, N@50: 0.1483
Epoch: 132, aver_loss : 0.05508, R@20: 0.1470, N@20: 0.1065, R@10: 0.0896, N@10: 0.0810, R@50: 0.2664, N@50: 0.1486
Epoch: 133, aver_loss : 0.05450, R@20: 0.1473, N@20: 0.1066, R@10: 0.0897, N@10: 0.0809, R@50: 0.2669, N@50: 0.1487
Epoch: 134, aver_loss : 0.05416, R@20: 0.1471, N@20: 0.1066, R@10: 0.0897, N@10: 0.0811, R@50: 0.2671, N@50: 0.1489
Epoch: 135, aver_loss : 0.05400, R@20: 0.1473, N@20: 0.1067, R@10: 0.0899, N@10: 0.0811, R@50: 0.2671, N@50: 0.1489
Epoch: 136, aver_loss : 0.05390, R@20: 0.1474, N@20: 0.1068, R@10: 0.0899, N@10: 0.0812, R@50: 0.2674, N@50: 0.1490
Epoch: 137, aver_loss : 0.05355, R@20: 0.1473, N@20: 0.1068, R@10: 0.0902, N@10: 0.0814, R@50: 0.2679, N@50: 0.1493
Epoch: 138, aver_loss : 0.05402, R@20: 0.1476, N@20: 0.1070, R@10: 0.0902, N@10: 0.0815, R@50: 0.2679, N@50: 0.1494
Epoch: 139, aver_loss : 0.05353, R@20: 0.1478, N@20: 0.1072, R@10: 0.0902, N@10: 0.0815, R@50: 0.2682, N@50: 0.1496
Epoch: 140, aver_loss : 0.05309, R@20: 0.1479, N@20: 0.1073, R@10: 0.0902, N@10: 0.0816, R@50: 0.2681, N@50: 0.1497
Epoch: 141, aver_loss : 0.05252, R@20: 0.1482, N@20: 0.1075, R@10: 0.0903, N@10: 0.0817, R@50: 0.2681, N@50: 0.1497
Epoch: 142, aver_loss : 0.05260, R@20: 0.1482, N@20: 0.1076, R@10: 0.0904, N@10: 0.0819, R@50: 0.2682, N@50: 0.1499
Epoch: 143, aver_loss : 0.05242, R@20: 0.1482, N@20: 0.1076, R@10: 0.0904, N@10: 0.0818, R@50: 0.2687, N@50: 0.1500
Epoch: 144, aver_loss : 0.05175, R@20: 0.1485, N@20: 0.1077, R@10: 0.0905, N@10: 0.0819, R@50: 0.2690, N@50: 0.1502
Epoch: 145, aver_loss : 0.05195, R@20: 0.1485, N@20: 0.1079, R@10: 0.0907, N@10: 0.0821, R@50: 0.2688, N@50: 0.1503
Epoch: 146, aver_loss : 0.05190, R@20: 0.1488, N@20: 0.1080, R@10: 0.0908, N@10: 0.0822, R@50: 0.2690, N@50: 0.1504
Epoch: 147, aver_loss : 0.05192, R@20: 0.1489, N@20: 0.1082, R@10: 0.0910, N@10: 0.0824, R@50: 0.2693, N@50: 0.1506
Epoch: 148, aver_loss : 0.05132, R@20: 0.1491, N@20: 0.1082, R@10: 0.0910, N@10: 0.0823, R@50: 0.2694, N@50: 0.1506
Epoch: 149, aver_loss : 0.05089, R@20: 0.1490, N@20: 0.1083, R@10: 0.0910, N@10: 0.0824, R@50: 0.2696, N@50: 0.1508
Epoch: 150, aver_loss : 0.05103, R@20: 0.1492, N@20: 0.1084, R@10: 0.0910, N@10: 0.0824, R@50: 0.2699, N@50: 0.1509
Epoch: 151, aver_loss : 0.05060, R@20: 0.1493, N@20: 0.1084, R@10: 0.0915, N@10: 0.0827, R@50: 0.2697, N@50: 0.1509
Epoch: 152, aver_loss : 0.05048, R@20: 0.1497, N@20: 0.1087, R@10: 0.0915, N@10: 0.0827, R@50: 0.2700, N@50: 0.1511
Epoch: 153, aver_loss : 0.05011, R@20: 0.1494, N@20: 0.1086, R@10: 0.0913, N@10: 0.0827, R@50: 0.2699, N@50: 0.1511
Epoch: 154, aver_loss : 0.04949, R@20: 0.1494, N@20: 0.1085, R@10: 0.0914, N@10: 0.0826, R@50: 0.2702, N@50: 0.1511
Epoch: 155, aver_loss : 0.04998, R@20: 0.1496, N@20: 0.1087, R@10: 0.0915, N@10: 0.0828, R@50: 0.2700, N@50: 0.1511
Epoch: 156, aver_loss : 0.04941, R@20: 0.1496, N@20: 0.1087, R@10: 0.0916, N@10: 0.0828, R@50: 0.2704, N@50: 0.1513
Epoch: 157, aver_loss : 0.04902, R@20: 0.1497, N@20: 0.1088, R@10: 0.0918, N@10: 0.0830, R@50: 0.2705, N@50: 0.1514
Epoch: 158, aver_loss : 0.04889, R@20: 0.1499, N@20: 0.1089, R@10: 0.0921, N@10: 0.0832, R@50: 0.2707, N@50: 0.1515
Epoch: 159, aver_loss : 0.04838, R@20: 0.1501, N@20: 0.1092, R@10: 0.0922, N@10: 0.0834, R@50: 0.2713, N@50: 0.1519
Epoch: 160, aver_loss : 0.04890, R@20: 0.1502, N@20: 0.1092, R@10: 0.0920, N@10: 0.0833, R@50: 0.2711, N@50: 0.1519
Epoch: 161, aver_loss : 0.04835, R@20: 0.1503, N@20: 0.1093, R@10: 0.0923, N@10: 0.0835, R@50: 0.2713, N@50: 0.1520
Epoch: 162, aver_loss : 0.04843, R@20: 0.1504, N@20: 0.1093, R@10: 0.0923, N@10: 0.0834, R@50: 0.2713, N@50: 0.1519
Epoch: 163, aver_loss : 0.04756, R@20: 0.1505, N@20: 0.1093, R@10: 0.0923, N@10: 0.0834, R@50: 0.2714, N@50: 0.1520
Epoch: 164, aver_loss : 0.04776, R@20: 0.1506, N@20: 0.1096, R@10: 0.0923, N@10: 0.0836, R@50: 0.2717, N@50: 0.1523
Epoch: 165, aver_loss : 0.04767, R@20: 0.1509, N@20: 0.1096, R@10: 0.0925, N@10: 0.0836, R@50: 0.2717, N@50: 0.1522
Epoch: 166, aver_loss : 0.04703, R@20: 0.1512, N@20: 0.1098, R@10: 0.0929, N@10: 0.0839, R@50: 0.2720, N@50: 0.1524
Epoch: 167, aver_loss : 0.04714, R@20: 0.1510, N@20: 0.1097, R@10: 0.0926, N@10: 0.0837, R@50: 0.2718, N@50: 0.1523
Epoch: 168, aver_loss : 0.04677, R@20: 0.1512, N@20: 0.1098, R@10: 0.0925, N@10: 0.0836, R@50: 0.2716, N@50: 0.1522
Epoch: 169, aver_loss : 0.04654, R@20: 0.1514, N@20: 0.1100, R@10: 0.0928, N@10: 0.0839, R@50: 0.2721, N@50: 0.1525
Epoch: 170, aver_loss : 0.04628, R@20: 0.1514, N@20: 0.1099, R@10: 0.0928, N@10: 0.0837, R@50: 0.2719, N@50: 0.1523
Epoch: 171, aver_loss : 0.04612, R@20: 0.1516, N@20: 0.1101, R@10: 0.0928, N@10: 0.0839, R@50: 0.2722, N@50: 0.1526
Epoch: 172, aver_loss : 0.04571, R@20: 0.1517, N@20: 0.1102, R@10: 0.0926, N@10: 0.0839, R@50: 0.2725, N@50: 0.1527
Epoch: 173, aver_loss : 0.04549, R@20: 0.1515, N@20: 0.1101, R@10: 0.0929, N@10: 0.0840, R@50: 0.2720, N@50: 0.1526
Epoch: 174, aver_loss : 0.04496, R@20: 0.1515, N@20: 0.1103, R@10: 0.0931, N@10: 0.0842, R@50: 0.2725, N@50: 0.1529
Epoch: 175, aver_loss : 0.04503, R@20: 0.1517, N@20: 0.1102, R@10: 0.0928, N@10: 0.0840, R@50: 0.2728, N@50: 0.1529
Epoch: 176, aver_loss : 0.04501, R@20: 0.1517, N@20: 0.1103, R@10: 0.0931, N@10: 0.0841, R@50: 0.2729, N@50: 0.1530
Epoch: 177, aver_loss : 0.04458, R@20: 0.1516, N@20: 0.1103, R@10: 0.0930, N@10: 0.0841, R@50: 0.2729, N@50: 0.1530
Epoch: 178, aver_loss : 0.04478, R@20: 0.1518, N@20: 0.1103, R@10: 0.0933, N@10: 0.0842, R@50: 0.2730, N@50: 0.1530
Epoch: 179, aver_loss : 0.04407, R@20: 0.1521, N@20: 0.1105, R@10: 0.0934, N@10: 0.0844, R@50: 0.2732, N@50: 0.1532
Epoch: 180, aver_loss : 0.04419, R@20: 0.1519, N@20: 0.1105, R@10: 0.0932, N@10: 0.0843, R@50: 0.2731, N@50: 0.1533
Epoch: 181, aver_loss : 0.04402, R@20: 0.1519, N@20: 0.1105, R@10: 0.0936, N@10: 0.0845, R@50: 0.2733, N@50: 0.1533
Epoch: 182, aver_loss : 0.04394, R@20: 0.1518, N@20: 0.1105, R@10: 0.0936, N@10: 0.0845, R@50: 0.2729, N@50: 0.1532
Epoch: 183, aver_loss : 0.04369, R@20: 0.1522, N@20: 0.1106, R@10: 0.0935, N@10: 0.0845, R@50: 0.2732, N@50: 0.1533
Epoch: 184, aver_loss : 0.04364, R@20: 0.1521, N@20: 0.1106, R@10: 0.0936, N@10: 0.0845, R@50: 0.2729, N@50: 0.1532
Epoch: 185, aver_loss : 0.04316, R@20: 0.1522, N@20: 0.1109, R@10: 0.0934, N@10: 0.0847, R@50: 0.2731, N@50: 0.1535
Epoch: 186, aver_loss : 0.04269, R@20: 0.1524, N@20: 0.1110, R@10: 0.0936, N@10: 0.0848, R@50: 0.2732, N@50: 0.1536
Epoch: 187, aver_loss : 0.04169, R@20: 0.1522, N@20: 0.1108, R@10: 0.0933, N@10: 0.0845, R@50: 0.2732, N@50: 0.1534
Epoch: 188, aver_loss : 0.04236, R@20: 0.1522, N@20: 0.1108, R@10: 0.0933, N@10: 0.0845, R@50: 0.2734, N@50: 0.1535
Epoch: 189, aver_loss : 0.04218, R@20: 0.1524, N@20: 0.1109, R@10: 0.0937, N@10: 0.0848, R@50: 0.2731, N@50: 0.1535
Epoch: 190, aver_loss : 0.04213, R@20: 0.1525, N@20: 0.1111, R@10: 0.0937, N@10: 0.0848, R@50: 0.2734, N@50: 0.1537
Epoch: 191, aver_loss : 0.04153, R@20: 0.1525, N@20: 0.1110, R@10: 0.0937, N@10: 0.0848, R@50: 0.2733, N@50: 0.1536
Epoch: 192, aver_loss : 0.04110, R@20: 0.1524, N@20: 0.1109, R@10: 0.0939, N@10: 0.0848, R@50: 0.2740, N@50: 0.1538
Epoch: 193, aver_loss : 0.04108, R@20: 0.1527, N@20: 0.1112, R@10: 0.0936, N@10: 0.0848, R@50: 0.2737, N@50: 0.1538
Epoch: 194, aver_loss : 0.04093, R@20: 0.1530, N@20: 0.1114, R@10: 0.0939, N@10: 0.0851, R@50: 0.2733, N@50: 0.1538
Epoch: 195, aver_loss : 0.04027, R@20: 0.1528, N@20: 0.1112, R@10: 0.0938, N@10: 0.0849, R@50: 0.2737, N@50: 0.1538
Epoch: 196, aver_loss : 0.04025, R@20: 0.1525, N@20: 0.1110, R@10: 0.0937, N@10: 0.0847, R@50: 0.2734, N@50: 0.1536
Epoch: 197, aver_loss : 0.03952, R@20: 0.1530, N@20: 0.1113, R@10: 0.0937, N@10: 0.0848, R@50: 0.2736, N@50: 0.1538
Epoch: 198, aver_loss : 0.04017, R@20: 0.1529, N@20: 0.1113, R@10: 0.0940, N@10: 0.0850, R@50: 0.2736, N@50: 0.1539
Epoch: 199, aver_loss : 0.03981, R@20: 0.1533, N@20: 0.1114, R@10: 0.0938, N@10: 0.0848, R@50: 0.2737, N@50: 0.1538
Epoch: 200, aver_loss : 0.03904, R@20: 0.1527, N@20: 0.1112, R@10: 0.0940, N@10: 0.0851, R@50: 0.2735, N@50: 0.1538
Epoch: 201, aver_loss : 0.03969, R@20: 0.1527, N@20: 0.1111, R@10: 0.0939, N@10: 0.0849, R@50: 0.2736, N@50: 0.1537
Epoch: 202, aver_loss : 0.03910, R@20: 0.1533, N@20: 0.1114, R@10: 0.0939, N@10: 0.0850, R@50: 0.2738, N@50: 0.1539
Epoch: 203, aver_loss : 0.03821, R@20: 0.1532, N@20: 0.1115, R@10: 0.0940, N@10: 0.0851, R@50: 0.2741, N@50: 0.1541
Epoch: 204, aver_loss : 0.03828, R@20: 0.1531, N@20: 0.1114, R@10: 0.0937, N@10: 0.0849, R@50: 0.2737, N@50: 0.1540
Epoch: 205, aver_loss : 0.03880, R@20: 0.1530, N@20: 0.1113, R@10: 0.0940, N@10: 0.0850, R@50: 0.2737, N@50: 0.1538
Epoch: 206, aver_loss : 0.03789, R@20: 0.1531, N@20: 0.1113, R@10: 0.0940, N@10: 0.0849, R@50: 0.2737, N@50: 0.1538
Epoch: 207, aver_loss : 0.03815, R@20: 0.1528, N@20: 0.1112, R@10: 0.0938, N@10: 0.0848, R@50: 0.2735, N@50: 0.1537
Epoch: 208, aver_loss : 0.03814, R@20: 0.1530, N@20: 0.1114, R@10: 0.0940, N@10: 0.0850, R@50: 0.2734, N@50: 0.1538
Epoch: 209, aver_loss : 0.03748, R@20: 0.1533, N@20: 0.1115, R@10: 0.0942, N@10: 0.0852, R@50: 0.2735, N@50: 0.1539
Epoch: 210, aver_loss : 0.03788, R@20: 0.1529, N@20: 0.1115, R@10: 0.0942, N@10: 0.0853, R@50: 0.2735, N@50: 0.1540
Epoch: 211, aver_loss : 0.03724, R@20: 0.1529, N@20: 0.1115, R@10: 0.0944, N@10: 0.0854, R@50: 0.2735, N@50: 0.1540
Epoch: 212, aver_loss : 0.03667, R@20: 0.1526, N@20: 0.1113, R@10: 0.0941, N@10: 0.0852, R@50: 0.2729, N@50: 0.1538
Epoch: 213, aver_loss : 0.03715, R@20: 0.1528, N@20: 0.1114, R@10: 0.0942, N@10: 0.0852, R@50: 0.2727, N@50: 0.1536
Epoch: 214, aver_loss : 0.03621, R@20: 0.1527, N@20: 0.1113, R@10: 0.0941, N@10: 0.0852, R@50: 0.2723, N@50: 0.1535
Epoch: 215, aver_loss : 0.03627, R@20: 0.1528, N@20: 0.1113, R@10: 0.0940, N@10: 0.0851, R@50: 0.2724, N@50: 0.1535
Epoch: 216, aver_loss : 0.03582, R@20: 0.1529, N@20: 0.1113, R@10: 0.0939, N@10: 0.0850, R@50: 0.2724, N@50: 0.1535
Epoch: 217, aver_loss : 0.03540, R@20: 0.1529, N@20: 0.1113, R@10: 0.0940, N@10: 0.0851, R@50: 0.2722, N@50: 0.1534
Epoch: 218, aver_loss : 0.03572, R@20: 0.1528, N@20: 0.1114, R@10: 0.0943, N@10: 0.0853, R@50: 0.2726, N@50: 0.1536
Epoch: 219, aver_loss : 0.03575, R@20: 0.1529, N@20: 0.1115, R@10: 0.0944, N@10: 0.0854, R@50: 0.2721, N@50: 0.1535
Epoch: 220, aver_loss : 0.03488, R@20: 0.1528, N@20: 0.1112, R@10: 0.0941, N@10: 0.0851, R@50: 0.2720, N@50: 0.1533
Epoch: 221, aver_loss : 0.03485, R@20: 0.1528, N@20: 0.1114, R@10: 0.0940, N@10: 0.0852, R@50: 0.2718, N@50: 0.1534
Epoch: 222, aver_loss : 0.03478, R@20: 0.1529, N@20: 0.1114, R@10: 0.0940, N@10: 0.0852, R@50: 0.2718, N@50: 0.1534
Epoch: 223, aver_loss : 0.03449, R@20: 0.1531, N@20: 0.1115, R@10: 0.0943, N@10: 0.0853, R@50: 0.2723, N@50: 0.1535
Epoch: 224, aver_loss : 0.03432, R@20: 0.1530, N@20: 0.1115, R@10: 0.0940, N@10: 0.0852, R@50: 0.2715, N@50: 0.1533
Epoch: 225, aver_loss : 0.03442, R@20: 0.1529, N@20: 0.1114, R@10: 0.0938, N@10: 0.0850, R@50: 0.2713, N@50: 0.1531
Epoch: 226, aver_loss : 0.03386, R@20: 0.1525, N@20: 0.1112, R@10: 0.0939, N@10: 0.0851, R@50: 0.2710, N@50: 0.1531
Epoch: 227, aver_loss : 0.03376, R@20: 0.1527, N@20: 0.1114, R@10: 0.0941, N@10: 0.0853, R@50: 0.2713, N@50: 0.1533
Epoch: 228, aver_loss : 0.03355, R@20: 0.1528, N@20: 0.1115, R@10: 0.0942, N@10: 0.0854, R@50: 0.2714, N@50: 0.1533
Epoch: 229, aver_loss : 0.03327, R@20: 0.1525, N@20: 0.1112, R@10: 0.0937, N@10: 0.0849, R@50: 0.2711, N@50: 0.1530
Epoch: 230, aver_loss : 0.03277, R@20: 0.1528, N@20: 0.1112, R@10: 0.0937, N@10: 0.0849, R@50: 0.2705, N@50: 0.1527
Epoch: 231, aver_loss : 0.03285, R@20: 0.1525, N@20: 0.1113, R@10: 0.0940, N@10: 0.0852, R@50: 0.2707, N@50: 0.1530
Epoch: 232, aver_loss : 0.03287, R@20: 0.1519, N@20: 0.1110, R@10: 0.0939, N@10: 0.0851, R@50: 0.2705, N@50: 0.1529
Epoch: 233, aver_loss : 0.03260, R@20: 0.1521, N@20: 0.1110, R@10: 0.0936, N@10: 0.0849, R@50: 0.2700, N@50: 0.1526
Epoch: 234, aver_loss : 0.03242, R@20: 0.1524, N@20: 0.1112, R@10: 0.0941, N@10: 0.0853, R@50: 0.2705, N@50: 0.1529
Epoch: 235, aver_loss : 0.03207, R@20: 0.1525, N@20: 0.1114, R@10: 0.0942, N@10: 0.0854, R@50: 0.2702, N@50: 0.1529
Epoch: 236, aver_loss : 0.03212, R@20: 0.1523, N@20: 0.1110, R@10: 0.0937, N@10: 0.0849, R@50: 0.2698, N@50: 0.1525
Epoch: 237, aver_loss : 0.03200, R@20: 0.1519, N@20: 0.1107, R@10: 0.0937, N@10: 0.0848, R@50: 0.2694, N@50: 0.1522
Epoch: 238, aver_loss : 0.03194, R@20: 0.1519, N@20: 0.1108, R@10: 0.0936, N@10: 0.0848, R@50: 0.2689, N@50: 0.1521
Epoch: 239, aver_loss : 0.03104, R@20: 0.1523, N@20: 0.1112, R@10: 0.0938, N@10: 0.0852, R@50: 0.2699, N@50: 0.1527

========== BEST RESULT ==========
Best Epoch: 209
Recall@20: 0.1533, NDCG@20: 0.1115
Config:
{
  "init": "normal",
  "init_weight": 0.01,
  "dim": 64,
  "decay": 0.0001,
  "K": 3,
  "beta": 0.8,
  "lambda": 0.6,
  "lr": 1e-05,
  "lam_hat": 0.9,
  "prop_step": 10,
  "gamma": 6.0,
  "quasi_newton": true,
  "eta": null
}
