Epoch: 001, aver_loss : 0.14076, R@20: 0.0268, N@20: 0.0214, R@10: 0.0155, N@10: 0.0170, R@50: 0.0541, N@50: 0.0314
Epoch: 002, aver_loss : 0.09957, R@20: 0.0284, N@20: 0.0227, R@10: 0.0164, N@10: 0.0181, R@50: 0.0572, N@50: 0.0334
Epoch: 003, aver_loss : 0.08988, R@20: 0.0298, N@20: 0.0237, R@10: 0.0171, N@10: 0.0188, R@50: 0.0595, N@50: 0.0347
Epoch: 004, aver_loss : 0.08399, R@20: 0.0309, N@20: 0.0245, R@10: 0.0178, N@10: 0.0194, R@50: 0.0614, N@50: 0.0357
Epoch: 005, aver_loss : 0.08048, R@20: 0.0316, N@20: 0.0252, R@10: 0.0183, N@10: 0.0200, R@50: 0.0630, N@50: 0.0368
Epoch: 006, aver_loss : 0.07669, R@20: 0.0326, N@20: 0.0258, R@10: 0.0189, N@10: 0.0205, R@50: 0.0644, N@50: 0.0376
Epoch: 007, aver_loss : 0.07319, R@20: 0.0333, N@20: 0.0266, R@10: 0.0194, N@10: 0.0212, R@50: 0.0656, N@50: 0.0385
Epoch: 008, aver_loss : 0.07154, R@20: 0.0343, N@20: 0.0273, R@10: 0.0199, N@10: 0.0217, R@50: 0.0673, N@50: 0.0395
Epoch: 009, aver_loss : 0.06920, R@20: 0.0338, N@20: 0.0269, R@10: 0.0199, N@10: 0.0216, R@50: 0.0674, N@50: 0.0394
Epoch: 010, aver_loss : 0.06758, R@20: 0.0344, N@20: 0.0273, R@10: 0.0200, N@10: 0.0217, R@50: 0.0682, N@50: 0.0397
Epoch: 011, aver_loss : 0.06567, R@20: 0.0351, N@20: 0.0279, R@10: 0.0205, N@10: 0.0222, R@50: 0.0690, N@50: 0.0404
Epoch: 012, aver_loss : 0.06395, R@20: 0.0356, N@20: 0.0282, R@10: 0.0206, N@10: 0.0223, R@50: 0.0694, N@50: 0.0407
Epoch: 013, aver_loss : 0.06242, R@20: 0.0358, N@20: 0.0285, R@10: 0.0211, N@10: 0.0229, R@50: 0.0705, N@50: 0.0414
Epoch: 014, aver_loss : 0.06085, R@20: 0.0362, N@20: 0.0288, R@10: 0.0212, N@10: 0.0230, R@50: 0.0711, N@50: 0.0417
Epoch: 015, aver_loss : 0.05967, R@20: 0.0366, N@20: 0.0291, R@10: 0.0216, N@10: 0.0233, R@50: 0.0718, N@50: 0.0420
Epoch: 016, aver_loss : 0.05870, R@20: 0.0370, N@20: 0.0295, R@10: 0.0220, N@10: 0.0238, R@50: 0.0727, N@50: 0.0427
Epoch: 017, aver_loss : 0.05745, R@20: 0.0366, N@20: 0.0290, R@10: 0.0215, N@10: 0.0232, R@50: 0.0718, N@50: 0.0420
Epoch: 018, aver_loss : 0.05671, R@20: 0.0376, N@20: 0.0298, R@10: 0.0218, N@10: 0.0237, R@50: 0.0733, N@50: 0.0430
Epoch: 019, aver_loss : 0.05516, R@20: 0.0377, N@20: 0.0299, R@10: 0.0222, N@10: 0.0239, R@50: 0.0735, N@50: 0.0431
Epoch: 020, aver_loss : 0.05380, R@20: 0.0378, N@20: 0.0298, R@10: 0.0219, N@10: 0.0236, R@50: 0.0739, N@50: 0.0431
Epoch: 021, aver_loss : 0.05364, R@20: 0.0384, N@20: 0.0303, R@10: 0.0223, N@10: 0.0240, R@50: 0.0750, N@50: 0.0438
Epoch: 022, aver_loss : 0.05188, R@20: 0.0386, N@20: 0.0305, R@10: 0.0225, N@10: 0.0242, R@50: 0.0753, N@50: 0.0440
Epoch: 023, aver_loss : 0.05138, R@20: 0.0387, N@20: 0.0305, R@10: 0.0227, N@10: 0.0244, R@50: 0.0755, N@50: 0.0442
Epoch: 024, aver_loss : 0.05049, R@20: 0.0388, N@20: 0.0306, R@10: 0.0229, N@10: 0.0245, R@50: 0.0759, N@50: 0.0444
Epoch: 025, aver_loss : 0.04948, R@20: 0.0394, N@20: 0.0311, R@10: 0.0230, N@10: 0.0248, R@50: 0.0768, N@50: 0.0450
Epoch: 026, aver_loss : 0.04892, R@20: 0.0395, N@20: 0.0313, R@10: 0.0231, N@10: 0.0250, R@50: 0.0771, N@50: 0.0452
Epoch: 027, aver_loss : 0.04795, R@20: 0.0396, N@20: 0.0313, R@10: 0.0233, N@10: 0.0250, R@50: 0.0775, N@50: 0.0453
Epoch: 028, aver_loss : 0.04688, R@20: 0.0397, N@20: 0.0315, R@10: 0.0235, N@10: 0.0252, R@50: 0.0777, N@50: 0.0455
Epoch: 029, aver_loss : 0.04600, R@20: 0.0400, N@20: 0.0316, R@10: 0.0233, N@10: 0.0251, R@50: 0.0777, N@50: 0.0455
Epoch: 030, aver_loss : 0.04584, R@20: 0.0403, N@20: 0.0318, R@10: 0.0237, N@10: 0.0254, R@50: 0.0785, N@50: 0.0460
Epoch: 031, aver_loss : 0.04511, R@20: 0.0408, N@20: 0.0322, R@10: 0.0239, N@10: 0.0256, R@50: 0.0793, N@50: 0.0463
Epoch: 032, aver_loss : 0.04355, R@20: 0.0411, N@20: 0.0324, R@10: 0.0241, N@10: 0.0258, R@50: 0.0799, N@50: 0.0467
Epoch: 033, aver_loss : 0.04384, R@20: 0.0415, N@20: 0.0326, R@10: 0.0243, N@10: 0.0259, R@50: 0.0802, N@50: 0.0469
Epoch: 034, aver_loss : 0.04291, R@20: 0.0409, N@20: 0.0321, R@10: 0.0239, N@10: 0.0255, R@50: 0.0794, N@50: 0.0464
Epoch: 035, aver_loss : 0.04178, R@20: 0.0415, N@20: 0.0326, R@10: 0.0242, N@10: 0.0259, R@50: 0.0804, N@50: 0.0470
Epoch: 036, aver_loss : 0.04182, R@20: 0.0419, N@20: 0.0330, R@10: 0.0245, N@10: 0.0262, R@50: 0.0809, N@50: 0.0474
Epoch: 037, aver_loss : 0.04080, R@20: 0.0422, N@20: 0.0332, R@10: 0.0248, N@10: 0.0264, R@50: 0.0811, N@50: 0.0476
Epoch: 038, aver_loss : 0.04016, R@20: 0.0424, N@20: 0.0335, R@10: 0.0250, N@10: 0.0268, R@50: 0.0820, N@50: 0.0482
Epoch: 039, aver_loss : 0.03950, R@20: 0.0423, N@20: 0.0335, R@10: 0.0251, N@10: 0.0268, R@50: 0.0820, N@50: 0.0481
Epoch: 040, aver_loss : 0.03877, R@20: 0.0426, N@20: 0.0336, R@10: 0.0250, N@10: 0.0268, R@50: 0.0820, N@50: 0.0482
Epoch: 041, aver_loss : 0.03805, R@20: 0.0428, N@20: 0.0337, R@10: 0.0252, N@10: 0.0269, R@50: 0.0822, N@50: 0.0483
Epoch: 042, aver_loss : 0.03785, R@20: 0.0426, N@20: 0.0335, R@10: 0.0250, N@10: 0.0267, R@50: 0.0820, N@50: 0.0480
Epoch: 043, aver_loss : 0.03720, R@20: 0.0429, N@20: 0.0338, R@10: 0.0252, N@10: 0.0270, R@50: 0.0826, N@50: 0.0485
Epoch: 044, aver_loss : 0.03598, R@20: 0.0432, N@20: 0.0340, R@10: 0.0253, N@10: 0.0270, R@50: 0.0825, N@50: 0.0485
Epoch: 045, aver_loss : 0.03608, R@20: 0.0432, N@20: 0.0340, R@10: 0.0254, N@10: 0.0271, R@50: 0.0829, N@50: 0.0487
Epoch: 046, aver_loss : 0.03519, R@20: 0.0436, N@20: 0.0344, R@10: 0.0259, N@10: 0.0276, R@50: 0.0837, N@50: 0.0492
Epoch: 047, aver_loss : 0.03447, R@20: 0.0433, N@20: 0.0341, R@10: 0.0256, N@10: 0.0273, R@50: 0.0828, N@50: 0.0487
Epoch: 048, aver_loss : 0.03432, R@20: 0.0436, N@20: 0.0344, R@10: 0.0257, N@10: 0.0275, R@50: 0.0836, N@50: 0.0492
Epoch: 049, aver_loss : 0.03384, R@20: 0.0439, N@20: 0.0346, R@10: 0.0258, N@10: 0.0276, R@50: 0.0841, N@50: 0.0495
Epoch: 050, aver_loss : 0.03340, R@20: 0.0436, N@20: 0.0345, R@10: 0.0259, N@10: 0.0277, R@50: 0.0838, N@50: 0.0493
Epoch: 051, aver_loss : 0.03303, R@20: 0.0439, N@20: 0.0347, R@10: 0.0260, N@10: 0.0278, R@50: 0.0840, N@50: 0.0495
Epoch: 052, aver_loss : 0.03300, R@20: 0.0438, N@20: 0.0346, R@10: 0.0258, N@10: 0.0277, R@50: 0.0839, N@50: 0.0495
Epoch: 053, aver_loss : 0.03217, R@20: 0.0438, N@20: 0.0344, R@10: 0.0257, N@10: 0.0275, R@50: 0.0838, N@50: 0.0492
Epoch: 054, aver_loss : 0.03155, R@20: 0.0441, N@20: 0.0348, R@10: 0.0258, N@10: 0.0277, R@50: 0.0843, N@50: 0.0496
Epoch: 055, aver_loss : 0.03111, R@20: 0.0445, N@20: 0.0351, R@10: 0.0262, N@10: 0.0280, R@50: 0.0852, N@50: 0.0502
Epoch: 056, aver_loss : 0.03096, R@20: 0.0445, N@20: 0.0351, R@10: 0.0261, N@10: 0.0280, R@50: 0.0850, N@50: 0.0501
Epoch: 057, aver_loss : 0.03020, R@20: 0.0447, N@20: 0.0353, R@10: 0.0265, N@10: 0.0283, R@50: 0.0853, N@50: 0.0503
Epoch: 058, aver_loss : 0.03019, R@20: 0.0447, N@20: 0.0353, R@10: 0.0265, N@10: 0.0283, R@50: 0.0857, N@50: 0.0504
Epoch: 059, aver_loss : 0.03000, R@20: 0.0447, N@20: 0.0353, R@10: 0.0265, N@10: 0.0283, R@50: 0.0857, N@50: 0.0505
Epoch: 060, aver_loss : 0.02922, R@20: 0.0445, N@20: 0.0351, R@10: 0.0264, N@10: 0.0281, R@50: 0.0855, N@50: 0.0502
Epoch: 061, aver_loss : 0.02885, R@20: 0.0444, N@20: 0.0349, R@10: 0.0262, N@10: 0.0278, R@50: 0.0848, N@50: 0.0498
Epoch: 062, aver_loss : 0.02832, R@20: 0.0450, N@20: 0.0355, R@10: 0.0266, N@10: 0.0284, R@50: 0.0859, N@50: 0.0506
Epoch: 063, aver_loss : 0.02801, R@20: 0.0446, N@20: 0.0350, R@10: 0.0264, N@10: 0.0280, R@50: 0.0850, N@50: 0.0500
Epoch: 064, aver_loss : 0.02754, R@20: 0.0454, N@20: 0.0357, R@10: 0.0267, N@10: 0.0286, R@50: 0.0862, N@50: 0.0509
Epoch: 065, aver_loss : 0.02769, R@20: 0.0449, N@20: 0.0354, R@10: 0.0264, N@10: 0.0281, R@50: 0.0854, N@50: 0.0503
Epoch: 066, aver_loss : 0.02750, R@20: 0.0449, N@20: 0.0354, R@10: 0.0266, N@10: 0.0283, R@50: 0.0856, N@50: 0.0505
Epoch: 067, aver_loss : 0.02698, R@20: 0.0450, N@20: 0.0354, R@10: 0.0265, N@10: 0.0282, R@50: 0.0855, N@50: 0.0503
Epoch: 068, aver_loss : 0.02673, R@20: 0.0452, N@20: 0.0356, R@10: 0.0269, N@10: 0.0285, R@50: 0.0861, N@50: 0.0508
Epoch: 069, aver_loss : 0.02632, R@20: 0.0456, N@20: 0.0359, R@10: 0.0270, N@10: 0.0287, R@50: 0.0867, N@50: 0.0511
Epoch: 070, aver_loss : 0.02604, R@20: 0.0458, N@20: 0.0359, R@10: 0.0269, N@10: 0.0286, R@50: 0.0865, N@50: 0.0510
Epoch: 071, aver_loss : 0.02589, R@20: 0.0453, N@20: 0.0359, R@10: 0.0270, N@10: 0.0288, R@50: 0.0865, N@50: 0.0511
Epoch: 072, aver_loss : 0.02504, R@20: 0.0455, N@20: 0.0358, R@10: 0.0268, N@10: 0.0285, R@50: 0.0866, N@50: 0.0510
Epoch: 073, aver_loss : 0.02544, R@20: 0.0459, N@20: 0.0360, R@10: 0.0270, N@10: 0.0287, R@50: 0.0866, N@50: 0.0511
Epoch: 074, aver_loss : 0.02545, R@20: 0.0454, N@20: 0.0357, R@10: 0.0268, N@10: 0.0285, R@50: 0.0864, N@50: 0.0509
Epoch: 075, aver_loss : 0.02464, R@20: 0.0456, N@20: 0.0360, R@10: 0.0267, N@10: 0.0286, R@50: 0.0863, N@50: 0.0510
Epoch: 076, aver_loss : 0.02434, R@20: 0.0452, N@20: 0.0357, R@10: 0.0266, N@10: 0.0284, R@50: 0.0858, N@50: 0.0507
Epoch: 077, aver_loss : 0.02438, R@20: 0.0457, N@20: 0.0360, R@10: 0.0268, N@10: 0.0287, R@50: 0.0863, N@50: 0.0510
Epoch: 078, aver_loss : 0.02417, R@20: 0.0456, N@20: 0.0360, R@10: 0.0269, N@10: 0.0287, R@50: 0.0865, N@50: 0.0511
Epoch: 079, aver_loss : 0.02376, R@20: 0.0456, N@20: 0.0360, R@10: 0.0270, N@10: 0.0288, R@50: 0.0862, N@50: 0.0510
Epoch: 080, aver_loss : 0.02352, R@20: 0.0459, N@20: 0.0362, R@10: 0.0271, N@10: 0.0288, R@50: 0.0862, N@50: 0.0510
Epoch: 081, aver_loss : 0.02321, R@20: 0.0460, N@20: 0.0363, R@10: 0.0273, N@10: 0.0291, R@50: 0.0869, N@50: 0.0515
Epoch: 082, aver_loss : 0.02297, R@20: 0.0460, N@20: 0.0362, R@10: 0.0271, N@10: 0.0288, R@50: 0.0865, N@50: 0.0511
Epoch: 083, aver_loss : 0.02295, R@20: 0.0459, N@20: 0.0360, R@10: 0.0269, N@10: 0.0286, R@50: 0.0864, N@50: 0.0510
Epoch: 084, aver_loss : 0.02298, R@20: 0.0461, N@20: 0.0365, R@10: 0.0275, N@10: 0.0289, R@50: 0.0872, N@50: 0.0518
Epoch: 085, aver_loss : 0.02247, R@20: 0.0459, N@20: 0.0362, R@10: 0.0270, N@10: 0.0288, R@50: 0.0865, N@50: 0.0512
Epoch: 086, aver_loss : 0.02276, R@20: 0.0459, N@20: 0.0361, R@10: 0.0271, N@10: 0.0288, R@50: 0.0863, N@50: 0.0511
Epoch: 087, aver_loss : 0.02225, R@20: 0.0456, N@20: 0.0359, R@10: 0.0270, N@10: 0.0286, R@50: 0.0862, N@50: 0.0509
Epoch: 088, aver_loss : 0.02197, R@20: 0.0457, N@20: 0.0360, R@10: 0.0271, N@10: 0.0288, R@50: 0.0862, N@50: 0.0510
Epoch: 089, aver_loss : 0.02179, R@20: 0.0459, N@20: 0.0361, R@10: 0.0270, N@10: 0.0287, R@50: 0.0865, N@50: 0.0511
Epoch: 090, aver_loss : 0.02157, R@20: 0.0457, N@20: 0.0361, R@10: 0.0272, N@10: 0.0289, R@50: 0.0865, N@50: 0.0512
Epoch: 091, aver_loss : 0.02139, R@20: 0.0459, N@20: 0.0361, R@10: 0.0272, N@10: 0.0288, R@50: 0.0868, N@50: 0.0513
Epoch: 092, aver_loss : 0.02143, R@20: 0.0459, N@20: 0.0362, R@10: 0.0274, N@10: 0.0290, R@50: 0.0870, N@50: 0.0514
Epoch: 093, aver_loss : 0.02105, R@20: 0.0459, N@20: 0.0361, R@10: 0.0271, N@10: 0.0288, R@50: 0.0865, N@50: 0.0511
Epoch: 094, aver_loss : 0.02101, R@20: 0.0458, N@20: 0.0360, R@10: 0.0270, N@10: 0.0287, R@50: 0.0862, N@50: 0.0509
Epoch: 095, aver_loss : 0.02101, R@20: 0.0458, N@20: 0.0361, R@10: 0.0272, N@10: 0.0289, R@50: 0.0864, N@50: 0.0511
Epoch: 096, aver_loss : 0.02101, R@20: 0.0459, N@20: 0.0361, R@10: 0.0272, N@10: 0.0288, R@50: 0.0863, N@50: 0.0510
Epoch: 097, aver_loss : 0.02058, R@20: 0.0456, N@20: 0.0358, R@10: 0.0269, N@10: 0.0285, R@50: 0.0859, N@50: 0.0506
Epoch: 098, aver_loss : 0.02050, R@20: 0.0460, N@20: 0.0361, R@10: 0.0273, N@10: 0.0288, R@50: 0.0864, N@50: 0.0510
Epoch: 099, aver_loss : 0.02012, R@20: 0.0458, N@20: 0.0360, R@10: 0.0271, N@10: 0.0287, R@50: 0.0858, N@50: 0.0508
Epoch: 100, aver_loss : 0.01993, R@20: 0.0460, N@20: 0.0360, R@10: 0.0272, N@10: 0.0287, R@50: 0.0860, N@50: 0.0508
Epoch: 101, aver_loss : 0.02030, R@20: 0.0458, N@20: 0.0360, R@10: 0.0273, N@10: 0.0288, R@50: 0.0857, N@50: 0.0507
Epoch: 102, aver_loss : 0.01995, R@20: 0.0456, N@20: 0.0358, R@10: 0.0271, N@10: 0.0286, R@50: 0.0854, N@50: 0.0505
Epoch: 103, aver_loss : 0.01960, R@20: 0.0458, N@20: 0.0360, R@10: 0.0272, N@10: 0.0287, R@50: 0.0857, N@50: 0.0507
Epoch: 104, aver_loss : 0.01985, R@20: 0.0458, N@20: 0.0360, R@10: 0.0273, N@10: 0.0288, R@50: 0.0855, N@50: 0.0507
Epoch: 105, aver_loss : 0.01977, R@20: 0.0458, N@20: 0.0360, R@10: 0.0273, N@10: 0.0288, R@50: 0.0856, N@50: 0.0507
Epoch: 106, aver_loss : 0.01948, R@20: 0.0457, N@20: 0.0359, R@10: 0.0271, N@10: 0.0288, R@50: 0.0855, N@50: 0.0507
Epoch: 107, aver_loss : 0.01924, R@20: 0.0458, N@20: 0.0361, R@10: 0.0274, N@10: 0.0290, R@50: 0.0856, N@50: 0.0508
Epoch: 108, aver_loss : 0.01941, R@20: 0.0458, N@20: 0.0360, R@10: 0.0272, N@10: 0.0287, R@50: 0.0855, N@50: 0.0507
Epoch: 109, aver_loss : 0.01901, R@20: 0.0454, N@20: 0.0357, R@10: 0.0270, N@10: 0.0285, R@50: 0.0847, N@50: 0.0502
Epoch: 110, aver_loss : 0.01904, R@20: 0.0457, N@20: 0.0359, R@10: 0.0271, N@10: 0.0287, R@50: 0.0850, N@50: 0.0504
Epoch: 111, aver_loss : 0.01921, R@20: 0.0458, N@20: 0.0359, R@10: 0.0270, N@10: 0.0286, R@50: 0.0852, N@50: 0.0505
Epoch: 112, aver_loss : 0.01870, R@20: 0.0459, N@20: 0.0361, R@10: 0.0274, N@10: 0.0289, R@50: 0.0859, N@50: 0.0509
Epoch: 113, aver_loss : 0.01869, R@20: 0.0459, N@20: 0.0359, R@10: 0.0273, N@10: 0.0287, R@50: 0.0855, N@50: 0.0506
Epoch: 114, aver_loss : 0.01871, R@20: 0.0460, N@20: 0.0360, R@10: 0.0273, N@10: 0.0288, R@50: 0.0854, N@50: 0.0506

========== BEST RESULT ==========
Best Epoch: 84
Recall@20: 0.0461, NDCG@20: 0.0365
Config:
{
  "init": "normal",
  "init_weight": 0.01,
  "dim": 64,
  "decay": 0.0001,
  "K": 3,
  "beta": 0.8,
  "lambda": 0.6,
  "lr": 0.0005,
  "lam_hat": 0.9,
  "prop_step": 10,
  "gamma": 6.0,
  "quasi_newton": true,
  "eta": null
}